# JRE version: OpenJDK Runtime Environment GraalVM CE 22.3.0 (17.0.5+8) (build 17.0.5+8-jvmci-22.3-b08)
# Java VM: OpenJDK 64-Bit Server VM GraalVM CE 22.3.0 (17.0.5+8-jvmci-22.3-b08, mixed mode, sharing, tiered, jvmci, jvmci compiler, compressed oops, compressed class ptrs, parallel gc, linux-amd64)
GC Precious Log:
 CPUs: 8 total, 1 available
 Memory: 1024M
 Large Page Support: Disabled
 NUMA Support: Disabled
 Compressed Oops: Enabled (32-bit)
 Alignments: Space 512K, Generation 512K, Heap 2M
 Heap Min Capacity: 100M
 Heap Initial Capacity: 100M
 Heap Max Capacity: 512M
 Pre-touch: Disabled
 Parallel Workers: 1
Heap:
 PSYoungGen      total 45568K, used 34303K [0x00000000f5580000, 0x00000000f8f00000, 0x0000000100000000)
  eden space 34304K, 99% used [0x00000000f5580000,0x00000000f76ffff8,0x00000000f7700000)
  from space 11264K, 0% used [0x00000000f7700000,0x00000000f7700000,0x00000000f8200000)
  to   space 11264K, 0% used [0x00000000f8400000,0x00000000f8400000,0x00000000f8f00000)
 ParOldGen       total 349696K, used 349694K [0x00000000e0000000, 0x00000000f5580000, 0x00000000f5580000)
  object space 349696K, 99% used [0x00000000e0000000,0x00000000f557f9a8,0x00000000f5580000)
 Metaspace       used 61902K, committed 63040K, reserved 1105920K
  class space    used 5920K, committed 6336K, reserved 1048576K
GC Heap History (20 events):
Event: 388.975 GC heap before
{Heap before GC invocations=288 (full 134):
 PSYoungGen      total 45568K, used 34303K [0x00000000f5580000, 0x00000000f8f00000, 0x0000000100000000)
  eden space 34304K, 99% used [0x00000000f5580000,0x00000000f76fffe0,0x00000000f7700000)
  from space 11264K, 0% used [0x00000000f7700000,0x00000000f7700000,0x00000000f8200000)
  to   space 11264K, 0% used [0x00000000f8400000,0x00000000f8400000,0x00000000f8f00000)
 ParOldGen       total 349696K, used 349694K [0x00000000e0000000, 0x00000000f5580000, 0x00000000f5580000)
  object space 349696K, 99% used [0x00000000e0000000,0x00000000f557f8d0,0x00000000f5580000)
 Metaspace       used 61895K, committed 63040K, reserved 1105920K
  class space    used 5919K, committed 6336K, reserved 1048576K
}
Event: 390.940 GC heap after
{Heap after GC invocations=288 (full 134):
 PSYoungGen      total 45568K, used 34303K [0x00000000f5580000, 0x00000000f8f00000, 0x0000000100000000)
  eden space 34304K, 99% used [0x00000000f5580000,0x00000000f76fffe0,0x00000000f7700000)
  from space 11264K, 0% used [0x00000000f8400000,0x00000000f8400000,0x00000000f8f00000)
  to   space 11264K, 0% used [0x00000000f7700000,0x00000000f7700000,0x00000000f8200000)
 ParOldGen       total 349696K, used 349694K [0x00000000e0000000, 0x00000000f5580000, 0x00000000f5580000)
  object space 349696K, 99% used [0x00000000e0000000,0x00000000f557f8d0,0x00000000f5580000)
 Metaspace       used 61895K, committed 63040K, reserved 1105920K
  class space    used 5919K, committed 6336K, reserved 1048576K
}
Event: 390.942 GC heap before
{Heap before GC invocations=289 (full 135):
 PSYoungGen      total 45568K, used 34304K [0x00000000f5580000, 0x00000000f8f00000, 0x0000000100000000)
  eden space 34304K, 100% used [0x00000000f5580000,0x00000000f7700000,0x00000000f7700000)
  from space 11264K, 0% used [0x00000000f8400000,0x00000000f8400000,0x00000000f8f00000)
  to   space 11264K, 0% used [0x00000000f7700000,0x00000000f7700000,0x00000000f8200000)
 ParOldGen       total 349696K, used 349696K [0x00000000e0000000, 0x00000000f5580000, 0x00000000f5580000)
  object space 349696K, 100% used [0x00000000e0000000,0x00000000f5580000,0x00000000f5580000)
 Metaspace       used 61899K, committed 63040K, reserved 1105920K
  class space    used 5919K, committed 6336K, reserved 1048576K
}
Event: 392.947 GC heap after
{Heap after GC invocations=289 (full 135):
 PSYoungGen      total 45568K, used 34303K [0x00000000f5580000, 0x00000000f8f00000, 0x0000000100000000)
  eden space 34304K, 99% used [0x00000000f5580000,0x00000000f76fffe0,0x00000000f7700000)
  from space 11264K, 0% used [0x00000000f7700000,0x00000000f7700000,0x00000000f8200000)
  to   space 11264K, 0% used [0x00000000f8400000,0x00000000f8400000,0x00000000f8f00000)
 ParOldGen       total 349696K, used 349694K [0x00000000e0000000, 0x00000000f5580000, 0x00000000f5580000)
  object space 349696K, 99% used [0x00000000e0000000,0x00000000f557fbe8,0x00000000f5580000)
 Metaspace       used 61899K, committed 63040K, reserved 1105920K
  class space    used 5919K, committed 6336K, reserved 1048576K
}
Event: 392.948 GC heap before
{Heap before GC invocations=290 (full 136):
 PSYoungGen      total 45568K, used 34303K [0x00000000f5580000, 0x00000000f8f00000, 0x0000000100000000)
  eden space 34304K, 99% used [0x00000000f5580000,0x00000000f76ffff8,0x00000000f7700000)
  from space 11264K, 0% used [0x00000000f7700000,0x00000000f7700000,0x00000000f8200000)
  to   space 11264K, 0% used [0x00000000f8400000,0x00000000f8400000,0x00000000f8f00000)
 ParOldGen       total 349696K, used 349695K [0x00000000e0000000, 0x00000000f5580000, 0x00000000f5580000)
  object space 349696K, 99% used [0x00000000e0000000,0x00000000f557ff78,0x00000000f5580000)
 Metaspace       used 61900K, committed 63040K, reserved 1105920K
  class space    used 5920K, committed 6336K, reserved 1048576K
}
Event: 394.844 GC heap after
{Heap after GC invocations=290 (full 136):
 PSYoungGen      total 45568K, used 34303K [0x00000000f5580000, 0x00000000f8f00000, 0x0000000100000000)
  eden space 34304K, 99% used [0x00000000f5580000,0x00000000f76ffff8,0x00000000f7700000)
  from space 11264K, 0% used [0x00000000f8400000,0x00000000f8400000,0x00000000f8f00000)
  to   space 11264K, 0% used [0x00000000f7700000,0x00000000f7700000,0x00000000f8200000)
 ParOldGen       total 349696K, used 349695K [0x00000000e0000000, 0x00000000f5580000, 0x00000000f5580000)
  object space 349696K, 99% used [0x00000000e0000000,0x00000000f557ff78,0x00000000f5580000)
 Metaspace       used 61900K, committed 63040K, reserved 1105920K
  class space    used 5920K, committed 6336K, reserved 1048576K
}
Event: 394.845 GC heap before
{Heap before GC invocations=291 (full 137):
 PSYoungGen      total 45568K, used 34303K [0x00000000f5580000, 0x00000000f8f00000, 0x0000000100000000)
  eden space 34304K, 99% used [0x00000000f5580000,0x00000000f76ffff8,0x00000000f7700000)
  from space 11264K, 0% used [0x00000000f8400000,0x00000000f8400000,0x00000000f8f00000)
  to   space 11264K, 0% used [0x00000000f7700000,0x00000000f7700000,0x00000000f8200000)
 ParOldGen       total 349696K, used 349695K [0x00000000e0000000, 0x00000000f5580000, 0x00000000f5580000)
  object space 349696K, 99% used [0x00000000e0000000,0x00000000f557ffe8,0x00000000f5580000)
 Metaspace       used 61900K, committed 63040K, reserved 1105920K
  class space    used 5920K, committed 6336K, reserved 1048576K
}
Event: 396.592 GC heap after
{Heap after GC invocations=291 (full 137):
 PSYoungGen      total 45568K, used 34303K [0x00000000f5580000, 0x00000000f8f00000, 0x0000000100000000)
  eden space 34304K, 99% used [0x00000000f5580000,0x00000000f76ffff8,0x00000000f7700000)
  from space 11264K, 0% used [0x00000000f7700000,0x00000000f7700000,0x00000000f8200000)
  to   space 11264K, 0% used [0x00000000f8400000,0x00000000f8400000,0x00000000f8f00000)
 ParOldGen       total 349696K, used 349695K [0x00000000e0000000, 0x00000000f5580000, 0x00000000f5580000)
  object space 349696K, 99% used [0x00000000e0000000,0x00000000f557ffe8,0x00000000f5580000)
 Metaspace       used 61900K, committed 63040K, reserved 1105920K
  class space    used 5920K, committed 6336K, reserved 1048576K
}
Event: 396.592 GC heap before
{Heap before GC invocations=292 (full 138):
 PSYoungGen      total 45568K, used 34303K [0x00000000f5580000, 0x00000000f8f00000, 0x0000000100000000)
  eden space 34304K, 99% used [0x00000000f5580000,0x00000000f76ffff8,0x00000000f7700000)
  from space 11264K, 0% used [0x00000000f7700000,0x00000000f7700000,0x00000000f8200000)
  to   space 11264K, 0% used [0x00000000f8400000,0x00000000f8400000,0x00000000f8f00000)
 ParOldGen       total 349696K, used 349695K [0x00000000e0000000, 0x00000000f5580000, 0x00000000f5580000)
  object space 349696K, 99% used [0x00000000e0000000,0x00000000f557ffe8,0x00000000f5580000)
 Metaspace       used 61900K, committed 63040K, reserved 1105920K
  class space    used 5920K, committed 6336K, reserved 1048576K
}
Event: 398.475 GC heap after
{Heap after GC invocations=292 (full 138):
 PSYoungGen      total 45568K, used 34303K [0x00000000f5580000, 0x00000000f8f00000, 0x0000000100000000)
  eden space 34304K, 99% used [0x00000000f5580000,0x00000000f76ffff8,0x00000000f7700000)
  from space 11264K, 0% used [0x00000000f8400000,0x00000000f8400000,0x00000000f8f00000)
  to   space 11264K, 0% used [0x00000000f7700000,0x00000000f7700000,0x00000000f8200000)
 ParOldGen       total 349696K, used 349695K [0x00000000e0000000, 0x00000000f5580000, 0x00000000f5580000)
  object space 349696K, 99% used [0x00000000e0000000,0x00000000f557ffe8,0x00000000f5580000)
 Metaspace       used 61900K, committed 63040K, reserved 1105920K
  class space    used 5920K, committed 6336K, reserved 1048576K
}
Event: 398.481 GC heap before
{Heap before GC invocations=293 (full 139):
 PSYoungGen      total 45568K, used 34303K [0x00000000f5580000, 0x00000000f8f00000, 0x0000000100000000)
  eden space 34304K, 99% used [0x00000000f5580000,0x00000000f76ffff8,0x00000000f7700000)
  from space 11264K, 0% used [0x00000000f8400000,0x00000000f8400000,0x00000000f8f00000)
  to   space 11264K, 0% used [0x00000000f7700000,0x00000000f7700000,0x00000000f8200000)
 ParOldGen       total 349696K, used 349695K [0x00000000e0000000, 0x00000000f5580000, 0x00000000f5580000)
  object space 349696K, 99% used [0x00000000e0000000,0x00000000f557fff8,0x00000000f5580000)
 Metaspace       used 61900K, committed 63040K, reserved 1105920K
  class space    used 5920K, committed 6336K, reserved 1048576K
}
Event: 400.392 GC heap after
{Heap after GC invocations=293 (full 139):
 PSYoungGen      total 45568K, used 34303K [0x00000000f5580000, 0x00000000f8f00000, 0x0000000100000000)
  eden space 34304K, 99% used [0x00000000f5580000,0x00000000f76ffff8,0x00000000f7700000)
  from space 11264K, 0% used [0x00000000f7700000,0x00000000f7700000,0x00000000f8200000)
  to   space 11264K, 0% used [0x00000000f8400000,0x00000000f8400000,0x00000000f8f00000)
 ParOldGen       total 349696K, used 349694K [0x00000000e0000000, 0x00000000f5580000, 0x00000000f5580000)
  object space 349696K, 99% used [0x00000000e0000000,0x00000000f557f800,0x00000000f5580000)
 Metaspace       used 61900K, committed 63040K, reserved 1105920K
  class space    used 5920K, committed 6336K, reserved 1048576K
}
Event: 400.432 GC heap before
{Heap before GC invocations=294 (full 140):
 PSYoungGen      total 45568K, used 34303K [0x00000000f5580000, 0x00000000f8f00000, 0x0000000100000000)
  eden space 34304K, 99% used [0x00000000f5580000,0x00000000f76ffff8,0x00000000f7700000)
  from space 11264K, 0% used [0x00000000f7700000,0x00000000f7700000,0x00000000f8200000)
  to   space 11264K, 0% used [0x00000000f8400000,0x00000000f8400000,0x00000000f8f00000)
 ParOldGen       total 349696K, used 349694K [0x00000000e0000000, 0x00000000f5580000, 0x00000000f5580000)
  object space 349696K, 99% used [0x00000000e0000000,0x00000000f557fb28,0x00000000f5580000)
 Metaspace       used 61900K, committed 63040K, reserved 1105920K
  class space    used 5920K, committed 6336K, reserved 1048576K
}
Event: 402.286 GC heap after
{Heap after GC invocations=294 (full 140):
 PSYoungGen      total 45568K, used 34303K [0x00000000f5580000, 0x00000000f8f00000, 0x0000000100000000)
  eden space 34304K, 99% used [0x00000000f5580000,0x00000000f76ffff8,0x00000000f7700000)
  from space 11264K, 0% used [0x00000000f8400000,0x00000000f8400000,0x00000000f8f00000)
  to   space 11264K, 0% used [0x00000000f7700000,0x00000000f7700000,0x00000000f8200000)
 ParOldGen       total 349696K, used 349694K [0x00000000e0000000, 0x00000000f5580000, 0x00000000f5580000)
  object space 349696K, 99% used [0x00000000e0000000,0x00000000f557f818,0x00000000f5580000)
 Metaspace       used 61900K, committed 63040K, reserved 1105920K
  class space    used 5920K, committed 6336K, reserved 1048576K
}
Event: 402.286 GC heap before
{Heap before GC invocations=295 (full 141):
 PSYoungGen      total 45568K, used 34303K [0x00000000f5580000, 0x00000000f8f00000, 0x0000000100000000)
  eden space 34304K, 99% used [0x00000000f5580000,0x00000000f76ffff8,0x00000000f7700000)
  from space 11264K, 0% used [0x00000000f8400000,0x00000000f8400000,0x00000000f8f00000)
  to   space 11264K, 0% used [0x00000000f7700000,0x00000000f7700000,0x00000000f8200000)
 ParOldGen       total 349696K, used 349694K [0x00000000e0000000, 0x00000000f5580000, 0x00000000f5580000)
  object space 349696K, 99% used [0x00000000e0000000,0x00000000f557f818,0x00000000f5580000)
 Metaspace       used 61900K, committed 63040K, reserved 1105920K
  class space    used 5920K, committed 6336K, reserved 1048576K
}
Event: 404.254 GC heap after
{Heap after GC invocations=295 (full 141):
 PSYoungGen      total 45568K, used 34303K [0x00000000f5580000, 0x00000000f8f00000, 0x0000000100000000)
  eden space 34304K, 99% used [0x00000000f5580000,0x00000000f76ffff8,0x00000000f7700000)
  from space 11264K, 0% used [0x00000000f7700000,0x00000000f7700000,0x00000000f8200000)
  to   space 11264K, 0% used [0x00000000f8400000,0x00000000f8400000,0x00000000f8f00000)
 ParOldGen       total 349696K, used 349694K [0x00000000e0000000, 0x00000000f5580000, 0x00000000f5580000)
  object space 349696K, 99% used [0x00000000e0000000,0x00000000f557f818,0x00000000f5580000)
 Metaspace       used 61900K, committed 63040K, reserved 1105920K
  class space    used 5920K, committed 6336K, reserved 1048576K
}
Event: 404.254 GC heap before
{Heap before GC invocations=296 (full 142):
 PSYoungGen      total 45568K, used 34303K [0x00000000f5580000, 0x00000000f8f00000, 0x0000000100000000)
  eden space 34304K, 99% used [0x00000000f5580000,0x00000000f76ffff8,0x00000000f7700000)
  from space 11264K, 0% used [0x00000000f7700000,0x00000000f7700000,0x00000000f8200000)
  to   space 11264K, 0% used [0x00000000f8400000,0x00000000f8400000,0x00000000f8f00000)
 ParOldGen       total 349696K, used 349694K [0x00000000e0000000, 0x00000000f5580000, 0x00000000f5580000)
  object space 349696K, 99% used [0x00000000e0000000,0x00000000f557f838,0x00000000f5580000)
 Metaspace       used 61900K, committed 63040K, reserved 1105920K
  class space    used 5920K, committed 6336K, reserved 1048576K
}
Event: 406.278 GC heap after
{Heap after GC invocations=296 (full 142):
 PSYoungGen      total 45568K, used 34303K [0x00000000f5580000, 0x00000000f8f00000, 0x0000000100000000)
  eden space 34304K, 99% used [0x00000000f5580000,0x00000000f76fffd8,0x00000000f7700000)
  from space 11264K, 0% used [0x00000000f8400000,0x00000000f8400000,0x00000000f8f00000)
  to   space 11264K, 0% used [0x00000000f7700000,0x00000000f7700000,0x00000000f8200000)
 ParOldGen       total 349696K, used 349694K [0x00000000e0000000, 0x00000000f5580000, 0x00000000f5580000)
  object space 349696K, 99% used [0x00000000e0000000,0x00000000f557f818,0x00000000f5580000)
 Metaspace       used 61900K, committed 63040K, reserved 1105920K
  class space    used 5920K, committed 6336K, reserved 1048576K
}
Event: 406.278 GC heap before
{Heap before GC invocations=297 (full 143):
 PSYoungGen      total 45568K, used 34303K [0x00000000f5580000, 0x00000000f8f00000, 0x0000000100000000)
  eden space 34304K, 99% used [0x00000000f5580000,0x00000000f76fffd8,0x00000000f7700000)
  from space 11264K, 0% used [0x00000000f8400000,0x00000000f8400000,0x00000000f8f00000)
  to   space 11264K, 0% used [0x00000000f7700000,0x00000000f7700000,0x00000000f8200000)
 ParOldGen       total 349696K, used 349694K [0x00000000e0000000, 0x00000000f5580000, 0x00000000f5580000)
  object space 349696K, 99% used [0x00000000e0000000,0x00000000f557f818,0x00000000f5580000)
 Metaspace       used 61900K, committed 63040K, reserved 1105920K
  class space    used 5920K, committed 6336K, reserved 1048576K
}
Event: 408.352 GC heap after
{Heap after GC invocations=297 (full 143):
 PSYoungGen      total 45568K, used 34303K [0x00000000f5580000, 0x00000000f8f00000, 0x0000000100000000)
  eden space 34304K, 99% used [0x00000000f5580000,0x00000000f76fffd8,0x00000000f7700000)
  from space 11264K, 0% used [0x00000000f7700000,0x00000000f7700000,0x00000000f8200000)
  to   space 11264K, 0% used [0x00000000f8400000,0x00000000f8400000,0x00000000f8f00000)
 ParOldGen       total 349696K, used 349694K [0x00000000e0000000, 0x00000000f5580000, 0x00000000f5580000)
  object space 349696K, 99% used [0x00000000e0000000,0x00000000f557f818,0x00000000f5580000)
 Metaspace       used 61900K, committed 63040K, reserved 1105920K
  class space    used 5920K, committed 6336K, reserved 1048576K
}

